<?xml version="1.0" encoding="UTF-8"?>
<!-- Generated by org.testng.reporters.JUnitReportReporter -->
<testsuite hostname="DasNaDas" failures="0" tests="2" name="testCases.TC_002_LoginTest" time="8.218" errors="0" timestamp="2025-09-15T16:21:45 CEST" skipped="0">
  <testcase classname="testCases.TC_002_LoginTest" name="verify_login" time="4.322"/>
  <testcase classname="testCases.TC_002_LoginTest" name="verify_login" time="3.896"/>
</testsuite> <!-- testCases.TC_002_LoginTest -->
