<?xml version="1.0" encoding="UTF-8"?>
<!-- Generated by org.testng.reporters.JUnitReportReporter -->
<testsuite hostname="DasNaDas" failures="0" tests="2" name="testCases.TC_001_AccountRegistrationTest" time="5.254" errors="0" timestamp="2025-09-15T16:21:45 CEST" skipped="0">
  <testcase classname="testCases.TC_001_AccountRegistrationTest" name="verify_account_registration" time="2.952"/>
  <testcase classname="testCases.TC_001_AccountRegistrationTest" name="verify_account_registration" time="2.302"/>
</testsuite> <!-- testCases.TC_001_AccountRegistrationTest -->
