<?xml version="1.0" encoding="UTF-8"?>
<!-- Generated by org.testng.reporters.JUnitReportReporter -->
<testsuite hostname="DasNaDas" failures="0" tests="2" name="testCases.TC_002_LoginTest" time="13.885" errors="0" timestamp="2025-09-15T19:05:09 CEST" skipped="0">
  <testcase classname="testCases.TC_002_LoginTest" name="verify_login" time="9.153"/>
  <testcase classname="testCases.TC_002_LoginTest" name="verify_login" time="4.732"/>
</testsuite> <!-- testCases.TC_002_LoginTest -->
