<?xml version="1.0" encoding="UTF-8"?>
<!-- Generated by org.testng.reporters.JUnitReportReporter -->
<testsuite hostname="DasNaDas" failures="0" tests="2" name="testCases.TC_001_AccountRegistrationTest" time="6.243" errors="0" timestamp="2025-09-15T19:05:09 CEST" skipped="0">
  <testcase classname="testCases.TC_001_AccountRegistrationTest" name="verify_account_registration" time="3.185"/>
  <testcase classname="testCases.TC_001_AccountRegistrationTest" name="verify_account_registration" time="3.058"/>
</testsuite> <!-- testCases.TC_001_AccountRegistrationTest -->
